<?xml version="1.0" encoding="UTF-8"?>
<!-- Generated by org.testng.reporters.JUnitReportReporter -->
<testsuite hostname="docme-HP-280-G1-MT-Business-PC" failures="0" tests="3" name="stockManagementTest.MarkDeadStockTest" time="2.535" errors="0" timestamp="2025-12-02T13:42:16 IST" skipped="0">
  <testcase classname="stockManagementTest.MarkDeadStockTest" name="verifyMarkDeadStock" time="0.940"/>
  <testcase classname="stockManagementTest.MarkDeadStockTest" name="verifyAddMarkDeadFunctionality" time="0.893"/>
  <testcase classname="stockManagementTest.MarkDeadStockTest" name="verifyStockSummaryHistory" time="0.702"/>
</testsuite> <!-- stockManagementTest.MarkDeadStockTest -->
