<?xml version="1.0" encoding="UTF-8"?>
<!-- Generated by org.testng.reporters.JUnitReportReporter -->
<testsuite hostname="docme-HP-280-G1-MT-Business-PC" failures="0" tests="9" name="productManagementTests.ProductsTest" time="11.565" errors="0" timestamp="2025-12-16T17:31:12 IST" skipped="0">
  <testcase classname="productManagementTests.ProductsTest" name="verifyAddStationaryProduct" time="3.968"/>
  <testcase classname="productManagementTests.ProductsTest" name="verifyEditProduct" time="2.136"/>
  <testcase classname="productManagementTests.ProductsTest" name="verifyStatusChangeFunction" time="0.673"/>
  <testcase classname="productManagementTests.ProductsTest" name="verifySearchFunction" time="0.431"/>
  <testcase classname="productManagementTests.ProductsTest" name="checkThePolicyUpdateFunction" time="0.913"/>
  <testcase classname="productManagementTests.ProductsTest" name="verifyPreviewProduct" time="0.621"/>
  <testcase classname="productManagementTests.ProductsTest" name="verifyDeleteProduct" time="2.087"/>
  <testcase classname="productManagementTests.ProductsTest" name="verifyTheExportfunctionOfPDF" time="0.463"/>
  <testcase classname="productManagementTests.ProductsTest" name="verifyTheExportfunctionOfCSV" time="0.273"/>
</testsuite> <!-- productManagementTests.ProductsTest -->
