<?xml version="1.0" encoding="UTF-8"?>
<!-- Generated by org.testng.reporters.JUnitReportReporter -->
<testsuite hostname="docme-HP-280-G1-MT-Business-PC" failures="0" tests="5" name="loginTest.AdminloginTest" time="23.920" errors="0" timestamp="2025-12-02T12:00:13 IST" skipped="0">
  <testcase classname="loginTest.AdminloginTest" name="logintest" time="5.516"/>
  <testcase classname="loginTest.AdminloginTest" name="logintest" time="5.873"/>
  <testcase classname="loginTest.AdminloginTest" name="logintest" time="1.149"/>
  <testcase classname="loginTest.AdminloginTest" name="logintest" time="5.791"/>
  <testcase classname="loginTest.AdminloginTest" name="logintest" time="5.591"/>
</testsuite> <!-- loginTest.AdminloginTest -->
