<?xml version="1.0" encoding="UTF-8"?>
<!-- Generated by org.testng.reporters.JUnitReportReporter -->
<testsuite hostname="docme-HP-280-G1-MT-Business-PC" failures="0" tests="3" name="productManagementTest.TypeSettingsTest" time="4.635" errors="0" timestamp="2025-12-02T12:17:16 IST" skipped="0">
  <testcase classname="productManagementTest.TypeSettingsTest" name="verifyAddTypefunctionality" time="2.331"/>
  <testcase classname="productManagementTest.TypeSettingsTest" name="verifyEditTypefunctionality" time="1.075"/>
  <testcase classname="productManagementTest.TypeSettingsTest" name="verifyDeleteTypefunctionality" time="1.229"/>
</testsuite> <!-- productManagementTest.TypeSettingsTest -->
