<?xml version="1.0" encoding="UTF-8"?>
<!-- Generated by org.testng.reporters.JUnitReportReporter -->
<testsuite hostname="docme-HP-280-G1-MT-Business-PC" failures="0" tests="5" name="stockManagementTests.StockTest" time="3.066" errors="0" timestamp="2025-12-17T15:33:34 IST" skipped="0">
  <testcase classname="stockManagementTests.StockTest" name="verifyStockTable" time="0.980"/>
  <testcase classname="stockManagementTests.StockTest" name="verifyStockTableRowCount" time="0.401"/>
  <testcase classname="stockManagementTests.StockTest" name="navigateThroughStockPages" time="0.233"/>
  <testcase classname="stockManagementTests.StockTest" name="verifyFilterFunctionality" time="0.733"/>
  <testcase classname="stockManagementTests.StockTest" name="verifyTheProductInTable" time="0.719"/>
</testsuite> <!-- stockManagementTests.StockTest -->
