<?xml version="1.0" encoding="UTF-8"?>
<!-- Generated by org.testng.reporters.JUnitReportReporter -->
<testsuite hostname="docme-HP-280-G1-MT-Business-PC" failures="0" tests="5" name="userManagementTests.UserTest" time="6.651" errors="0" timestamp="2025-12-18T12:12:43 IST" skipped="0">
  <testcase classname="userManagementTests.UserTest" name="verifyTheAddUserManagementFunction" time="3.276"/>
  <testcase classname="userManagementTests.UserTest" name="verifyFilterFunction" time="0.532"/>
  <testcase classname="userManagementTests.UserTest" name="verifySearchBoxFuntion" time="0.696"/>
  <testcase classname="userManagementTests.UserTest" name="verifyEditFuntion" time="1.187"/>
  <testcase classname="userManagementTests.UserTest" name="verifyDeleteFunction" time="0.960"/>
</testsuite> <!-- userManagementTests.UserTest -->
