<?xml version="1.0" encoding="UTF-8"?>
<!-- Generated by org.testng.reporters.JUnitReportReporter -->
<testsuite hostname="docme-HP-280-G1-MT-Business-PC" failures="0" tests="5" name="productManagementTests.SizeSettingsTest" time="6.487" errors="0" timestamp="2025-12-16T10:13:33 IST" skipped="0">
  <testcase classname="productManagementTests.SizeSettingsTest" name="verifyAddSizefunctionality" time="2.302"/>
  <testcase classname="productManagementTests.SizeSettingsTest" name="verifySizeEditFunctionality" time="1.079"/>
  <testcase classname="productManagementTests.SizeSettingsTest" name="verifyStatusChangeFunction" time="0.667"/>
  <testcase classname="productManagementTests.SizeSettingsTest" name="verifySearchFunction" time="0.659"/>
  <testcase classname="productManagementTests.SizeSettingsTest" name="verifySizeDeleteFunctionality" time="1.780"/>
</testsuite> <!-- productManagementTests.SizeSettingsTest -->
