<?xml version="1.0" encoding="UTF-8"?>
<!-- Generated by org.testng.reporters.JUnitReportReporter -->
<testsuite hostname="docme-HP-280-G1-MT-Business-PC" failures="0" tests="2" name="orderManagementTest.ExchangeTest" time="2.329" errors="0" timestamp="2025-12-08T12:36:08 IST" skipped="0">
  <testcase classname="orderManagementTest.ExchangeTest" name="verifyBulkSearchInExchange" time="1.792"/>
  <testcase classname="orderManagementTest.ExchangeTest" name="checkTheExchangeDetailPage" time="0.537"/>
</testsuite> <!-- orderManagementTest.ExchangeTest -->
