<?xml version="1.0" encoding="UTF-8"?>
<!-- Generated by org.testng.reporters.JUnitReportReporter -->
<testsuite hostname="docme-HP-280-G1-MT-Business-PC" failures="0" tests="4" name="productManagementTest.ProductsTest" time="15.392" errors="0" timestamp="2025-12-02T12:17:16 IST" skipped="0">
  <testcase classname="productManagementTest.ProductsTest" name="verifyAddUniformProduct" time="8.575"/>
  <testcase classname="productManagementTest.ProductsTest" name="verifyAddStationaryProduct" time="3.033"/>
  <testcase classname="productManagementTest.ProductsTest" name="verifyEditProduct" time="2.157"/>
  <testcase classname="productManagementTest.ProductsTest" name="verifyDeleteProduct" time="1.627"/>
</testsuite> <!-- productManagementTest.ProductsTest -->
