<?xml version="1.0" encoding="UTF-8"?>
<!-- Generated by org.testng.reporters.JUnitReportReporter -->
<testsuite hostname="docme-HP-280-G1-MT-Business-PC" failures="0" tests="4" name="userManagementTests.RoleTest" time="4.554" errors="0" timestamp="2025-12-18T12:13:11 IST" skipped="0">
  <testcase classname="userManagementTests.RoleTest" name="verifyAddRoleFunction" time="1.990"/>
  <testcase classname="userManagementTests.RoleTest" name="checkSearchBoxFunctionality" time="0.395"/>
  <testcase classname="userManagementTests.RoleTest" name="verifyEditRolefunction" time="1.144"/>
  <testcase classname="userManagementTests.RoleTest" name="verifyRoleDeleteFunction" time="1.025"/>
</testsuite> <!-- userManagementTests.RoleTest -->
