<?xml version="1.0" encoding="UTF-8"?>
<!-- Generated by org.testng.reporters.JUnitReportReporter -->
<testsuite hostname="docme-HP-280-G1-MT-Business-PC" failures="0" tests="3" name="quotationManagementTests.PurchaseManagementTest" time="4.607" errors="0" timestamp="2025-12-17T14:14:56 IST" skipped="0">
  <testcase classname="quotationManagementTests.PurchaseManagementTest" name="addpurchaseManagementTest" time="2.126"/>
  <testcase classname="quotationManagementTests.PurchaseManagementTest" name="deletePurchaseOrderTest" time="1.190"/>
  <testcase classname="quotationManagementTests.PurchaseManagementTest" name="approvePurchaseOrderTest" time="1.291"/>
</testsuite> <!-- quotationManagementTests.PurchaseManagementTest -->
