<?xml version="1.0" encoding="UTF-8"?>
<!-- Generated by org.testng.reporters.JUnitReportReporter -->
<testsuite hostname="docme-HP-280-G1-MT-Business-PC" failures="0" tests="4" name="userManagementTests.RoleTest" time="4.508" errors="0" timestamp="2025-12-10T18:13:18 IST" skipped="0">
  <testcase classname="userManagementTests.RoleTest" name="verifyAddRoleFunction" time="2.112"/>
  <testcase classname="userManagementTests.RoleTest" name="checkSearchBoxFunctionality" time="0.436"/>
  <testcase classname="userManagementTests.RoleTest" name="verifyEditRolefunction" time="1.008"/>
  <testcase classname="userManagementTests.RoleTest" name="verifyRoleDeleteFunction" time="0.952"/>
</testsuite> <!-- userManagementTests.RoleTest -->
