<?xml version="1.0" encoding="UTF-8"?>
<!-- Generated by org.testng.reporters.JUnitReportReporter -->
<testsuite hostname="docme-HP-280-G1-MT-Business-PC" failures="0" tests="3" name="productManagementTests.ProductBarcodePrintingTest" time="3.375" errors="0" timestamp="2025-12-16T15:59:38 IST" skipped="0">
  <testcase classname="productManagementTests.ProductBarcodePrintingTest" name="verifyFilterFunctionality" time="0.556"/>
  <testcase classname="productManagementTests.ProductBarcodePrintingTest" name="checkSearchFunctionality" time="1.196"/>
  <testcase classname="productManagementTests.ProductBarcodePrintingTest" name="productBarcodePrintingTest" time="1.623"/>
</testsuite> <!-- productManagementTests.ProductBarcodePrintingTest -->
