<?xml version="1.0" encoding="UTF-8"?>
<!-- Generated by org.testng.reporters.JUnitReportReporter -->
<testsuite hostname="docme-HP-280-G1-MT-Business-PC" failures="0" tests="13" name="reportsTests.SalesTests" time="3.943" errors="0" timestamp="2025-12-24T11:28:32 IST" skipped="0">
  <testcase classname="reportsTests.SalesTests" name="verifyTheSalesByStudent" time="0.217"/>
  <testcase classname="reportsTests.SalesTests" name="verifyTheSalesByCustomer" time="1.301"/>
  <testcase classname="reportsTests.SalesTests" name="verifyTheSalesByProduct" time="0.161"/>
  <testcase classname="reportsTests.SalesTests" name="verifyTheSalesReport" time="0.321"/>
  <testcase classname="reportsTests.SalesTests" name="verifyTheOnlinePaymentReport" time="0.263"/>
  <testcase classname="reportsTests.SalesTests" name="verifyTheStatusWiseOrderReport" time="0.265"/>
  <testcase classname="reportsTests.SalesTests" name="verifyTheClassroomDeliveryReport" time="0.265"/>
  <testcase classname="reportsTests.SalesTests" name="verifyTheExchangeReport" time="0.165"/>
  <testcase classname="reportsTests.SalesTests" name="verifyTheReturnReport" time="0.201"/>
  <testcase classname="reportsTests.SalesTests" name="verifyTheCollectOrderReport" time="0.179"/>
  <testcase classname="reportsTests.SalesTests" name="verifyTheCancelOrderReport" time="0.282"/>
  <testcase classname="reportsTests.SalesTests" name="verifyTheCouponReport" time="0.134"/>
  <testcase classname="reportsTests.SalesTests" name="verifyTheKitReport" time="0.189"/>
</testsuite> <!-- reportsTests.SalesTests -->
