<?xml version="1.0" encoding="UTF-8"?>
<!-- Generated by org.testng.reporters.JUnitReportReporter -->
<testsuite hostname="docme-HP-280-G1-MT-Business-PC" failures="0" tests="5" name="productManagementTests.PublisherSettingsTest" time="4.919" errors="0" timestamp="2025-12-16T14:29:14 IST" skipped="0">
  <testcase classname="productManagementTests.PublisherSettingsTest" name="verifyAddPublisherfunctionality" time="2.001"/>
  <testcase classname="productManagementTests.PublisherSettingsTest" name="verifyEditPublisherfunctionality" time="1.073"/>
  <testcase classname="productManagementTests.PublisherSettingsTest" name="verifyStatusChangeFunction" time="0.601"/>
  <testcase classname="productManagementTests.PublisherSettingsTest" name="verifySearchFunction" time="0.345"/>
  <testcase classname="productManagementTests.PublisherSettingsTest" name="verifyDeletePublisherfunctionality" time="0.899"/>
</testsuite> <!-- productManagementTests.PublisherSettingsTest -->
