<?xml version="1.0" encoding="UTF-8"?>
<!-- Generated by org.testng.reporters.JUnitReportReporter -->
<testsuite hostname="docme-HP-280-G1-MT-Business-PC" failures="0" tests="3" name="orderManagementTests.CustomerTest" time="2.750" errors="0" timestamp="2025-12-17T10:29:22 IST" skipped="0">
  <testcase classname="orderManagementTests.CustomerTest" name="verifyTheSearchCustomerFunction" time="2.104"/>
  <testcase classname="orderManagementTests.CustomerTest" name="checkTheSearchFunctionality" time="0.260"/>
  <testcase classname="orderManagementTests.CustomerTest" name="checkTheActionFunction" time="0.386"/>
</testsuite> <!-- orderManagementTests.CustomerTest -->
