<?xml version="1.0" encoding="UTF-8"?>
<!-- Generated by org.testng.reporters.JUnitReportReporter -->
<testsuite hostname="docme-HP-280-G1-MT-Business-PC" failures="0" tests="3" name="productManagementTest.EditionSettingsTest" time="3.893" errors="0" timestamp="2025-12-02T12:17:16 IST" skipped="0">
  <testcase classname="productManagementTest.EditionSettingsTest" name="verifyAddEditionfunctionality" time="1.692"/>
  <testcase classname="productManagementTest.EditionSettingsTest" name="verifyEditEditionfunctionality" time="1.030"/>
  <testcase classname="productManagementTest.EditionSettingsTest" name="verifyDeleteEditionfunctionality" time="1.171"/>
</testsuite> <!-- productManagementTest.EditionSettingsTest -->
