<?xml version="1.0" encoding="UTF-8"?>
<!-- Generated by org.testng.reporters.JUnitReportReporter -->
<testsuite hostname="docme-HP-280-G1-MT-Business-PC" failures="0" tests="5" name="productManagementTests.StockCategoryTest" time="5.057" errors="0" timestamp="2025-12-16T12:13:32 IST" skipped="0">
  <testcase classname="productManagementTests.StockCategoryTest" name="verifyAddStockfunctionality" time="1.986"/>
  <testcase classname="productManagementTests.StockCategoryTest" name="verifySearchFunction" time="0.634"/>
  <testcase classname="productManagementTests.StockCategoryTest" name="verifyStockEditfunctionality" time="0.862"/>
  <testcase classname="productManagementTests.StockCategoryTest" name="verifyStatusChangeFunction" time="0.866"/>
  <testcase classname="productManagementTests.StockCategoryTest" name="verifyDeleteColor" time="0.709"/>
</testsuite> <!-- productManagementTests.StockCategoryTest -->
