<?xml version="1.0" encoding="UTF-8"?>
<!-- Generated by org.testng.reporters.JUnitReportReporter -->
<testsuite hostname="docme-HP-280-G1-MT-Business-PC" failures="0" tests="3" name="productManagementTest.PublisherSettingsTest" time="3.880" errors="0" timestamp="2025-12-02T12:17:16 IST" skipped="0">
  <testcase classname="productManagementTest.PublisherSettingsTest" name="verifyEditPublisherfunctionality" time="1.032"/>
  <testcase classname="productManagementTest.PublisherSettingsTest" name="verifyDeletePublisherfunctionality" time="1.148"/>
  <testcase classname="productManagementTest.PublisherSettingsTest" name="verifyAddPublisherfunctionality" time="1.700"/>
</testsuite> <!-- productManagementTest.PublisherSettingsTest -->
