<?xml version="1.0" encoding="UTF-8"?>
<!-- Generated by org.testng.reporters.JUnitReportReporter -->
<testsuite hostname="docme-HP-280-G1-MT-Business-PC" failures="0" tests="5" name="productManagementTests.TypeSettingsTest" time="7.009" errors="0" timestamp="2025-12-16T11:20:14 IST" skipped="0">
  <testcase classname="productManagementTests.TypeSettingsTest" name="verifyAddTypefunctionality" time="2.847"/>
  <testcase classname="productManagementTests.TypeSettingsTest" name="verifyEditTypefunctionality" time="1.200"/>
  <testcase classname="productManagementTests.TypeSettingsTest" name="verifyStatusChangeFunction" time="0.706"/>
  <testcase classname="productManagementTests.TypeSettingsTest" name="verifySearchFunction" time="0.648"/>
  <testcase classname="productManagementTests.TypeSettingsTest" name="verifyDeleteTypefunctionality" time="1.608"/>
</testsuite> <!-- productManagementTests.TypeSettingsTest -->
