<?xml version="1.0" encoding="UTF-8"?>
<!-- Generated by org.testng.reporters.JUnitReportReporter -->
<testsuite hostname="docme-HP-280-G1-MT-Business-PC" failures="0" tests="4" name="quotationManagementTests.PurchaseManagementTest" time="4.640" errors="0" timestamp="2025-12-18T15:34:13 IST" skipped="0">
  <testcase classname="quotationManagementTests.PurchaseManagementTest" name="addpurchaseManagementTest" time="2.168"/>
  <testcase classname="quotationManagementTests.PurchaseManagementTest" name="checkSearchBarFunction" time="0.416"/>
  <testcase classname="quotationManagementTests.PurchaseManagementTest" name="checkViewDetailsFunction" time="1.116"/>
  <testcase classname="quotationManagementTests.PurchaseManagementTest" name="deletePurchaseOrderTest" time="0.940"/>
</testsuite> <!-- quotationManagementTests.PurchaseManagementTest -->
