<?xml version="1.0" encoding="UTF-8"?>
<!-- Generated by org.testng.reporters.JUnitReportReporter -->
<testsuite hostname="docme-HP-280-G1-MT-Business-PC" failures="0" tests="3" name="productManagementTests.AddNewWeightTest" time="2.267" errors="0" timestamp="2025-12-15T17:19:13 IST" skipped="0">
  <testcase classname="productManagementTests.AddNewWeightTest" name="addNewWeightTest" time="1.541"/>
  <testcase classname="productManagementTests.AddNewWeightTest" name="checkTheSearchFunction" time="0.319"/>
  <testcase classname="productManagementTests.AddNewWeightTest" name="checkFilterFunctonality" time="0.407"/>
</testsuite> <!-- productManagementTests.AddNewWeightTest -->
