<?xml version="1.0" encoding="UTF-8"?>
<!-- Generated by org.testng.reporters.JUnitReportReporter -->
<testsuite hostname="docme-HP-280-G1-MT-Business-PC" failures="0" tests="3" name="productManagementTest.SizeSettingsTest" time="4.355" errors="0" timestamp="2025-12-02T12:17:16 IST" skipped="0">
  <testcase classname="productManagementTest.SizeSettingsTest" name="verifyAddSizefunctionality" time="2.154"/>
  <testcase classname="productManagementTest.SizeSettingsTest" name="verifySizeEditFunctionality" time="1.127"/>
  <testcase classname="productManagementTest.SizeSettingsTest" name="verifySizeDeleteFunctionality" time="1.074"/>
</testsuite> <!-- productManagementTest.SizeSettingsTest -->
