<?xml version="1.0" encoding="UTF-8"?>
<!-- Generated by org.testng.reporters.JUnitReportReporter -->
<testsuite hostname="docme-HP-280-G1-MT-Business-PC" failures="0" tests="5" name="stockManagementTests.MarkDeadStockTest" time="3.055" errors="0" timestamp="2025-12-17T16:40:19 IST" skipped="0">
  <testcase classname="stockManagementTests.MarkDeadStockTest" name="verifyMarkDeadStock" time="0.968"/>
  <testcase classname="stockManagementTests.MarkDeadStockTest" name="verifyFilterFunctionality" time="0.563"/>
  <testcase classname="stockManagementTests.MarkDeadStockTest" name="verifyTheProductInTable" time="0.169"/>
  <testcase classname="stockManagementTests.MarkDeadStockTest" name="verifyAddMarkDeadFunctionality" time="0.704"/>
  <testcase classname="stockManagementTests.MarkDeadStockTest" name="verifyStockSummaryHistory" time="0.651"/>
</testsuite> <!-- stockManagementTests.MarkDeadStockTest -->
