<?xml version="1.0" encoding="UTF-8"?>
<!-- Generated by org.testng.reporters.JUnitReportReporter -->
<testsuite hostname="docme-HP-280-G1-MT-Business-PC" failures="0" tests="3" name="userManagementTests.UserTest" time="5.471" errors="0" timestamp="2025-12-15T12:54:33 IST" skipped="0">
  <testcase classname="userManagementTests.UserTest" name="verifyTheAddUserManagementFunction" time="3.128"/>
  <testcase classname="userManagementTests.UserTest" name="verifyEditFuntion" time="1.547"/>
  <testcase classname="userManagementTests.UserTest" name="verifyDeleteFunction" time="0.796"/>
</testsuite> <!-- userManagementTests.UserTest -->
