<?xml version="1.0" encoding="UTF-8"?>
<!-- Generated by org.testng.reporters.JUnitReportReporter -->
<testsuite hostname="docme-HP-280-G1-MT-Business-PC" failures="0" tests="5" name="productManagementTests.EditionSettingsTest" time="4.991" errors="0" timestamp="2025-12-16T14:43:42 IST" skipped="0">
  <testcase classname="productManagementTests.EditionSettingsTest" name="verifyAddEditionfunctionality" time="2.006"/>
  <testcase classname="productManagementTests.EditionSettingsTest" name="verifyEditEditionfunctionality" time="1.115"/>
  <testcase classname="productManagementTests.EditionSettingsTest" name="verifyStatusChangeFunction" time="0.595"/>
  <testcase classname="productManagementTests.EditionSettingsTest" name="verifySearchFunction" time="0.308"/>
  <testcase classname="productManagementTests.EditionSettingsTest" name="verifyDeleteEditionfunctionality" time="0.967"/>
</testsuite> <!-- productManagementTests.EditionSettingsTest -->
