<?xml version="1.0" encoding="UTF-8"?>
<!-- Generated by org.testng.reporters.JUnitReportReporter -->
<testsuite hostname="docme-HP-280-G1-MT-Business-PC" failures="0" tests="4" name="userManagementTests.UserManagementTest" time="4.970" errors="0" timestamp="2025-12-10T14:17:48 IST" skipped="0">
  <testcase classname="userManagementTests.UserManagementTest" name="verifyAddRoleFunction" time="2.086"/>
  <testcase classname="userManagementTests.UserManagementTest" name="checkSearchBoxFunctionality" time="0.404"/>
  <testcase classname="userManagementTests.UserManagementTest" name="verifyEditRolefunction" time="1.026"/>
  <testcase classname="userManagementTests.UserManagementTest" name="verifyRoleDeleteFunction" time="1.454"/>
</testsuite> <!-- userManagementTests.UserManagementTest -->
