<?xml version="1.0" encoding="UTF-8"?>
<!-- Generated by org.testng.reporters.JUnitReportReporter -->
<testsuite hostname="docme-HP-280-G1-MT-Business-PC" failures="0" tests="5" name="productManagementTests.BrandSettingsTest" time="5.237" errors="0" timestamp="2025-12-16T11:23:56 IST" skipped="0">
  <testcase classname="productManagementTests.BrandSettingsTest" name="verifyAddBrandfunctionality" time="2.441"/>
  <testcase classname="productManagementTests.BrandSettingsTest" name="verifyTheEditFunctonality" time="1.061"/>
  <testcase classname="productManagementTests.BrandSettingsTest" name="verifyStatusChangeFunction" time="0.644"/>
  <testcase classname="productManagementTests.BrandSettingsTest" name="verifySearchBoxFunctonality" time="0.314"/>
  <testcase classname="productManagementTests.BrandSettingsTest" name="verifyTheDeleteFunctonality" time="0.777"/>
</testsuite> <!-- productManagementTests.BrandSettingsTest -->
