<?xml version="1.0" encoding="UTF-8"?>
<!-- Generated by org.testng.reporters.JUnitReportReporter -->
<testsuite hostname="docme-HP-280-G1-MT-Business-PC" failures="0" tests="3" name="settingsTests.RateManagementTest" time="2.848" errors="0" timestamp="2025-12-17T14:40:30 IST" skipped="0">
  <testcase classname="settingsTests.RateManagementTest" name="verifyFilterFunctionality" time="1.162"/>
  <testcase classname="settingsTests.RateManagementTest" name="verifyTheProductInTable" time="1.247"/>
  <testcase classname="settingsTests.RateManagementTest" name="verifyEnterNewRateFunctionality" time="0.439"/>
</testsuite> <!-- settingsTests.RateManagementTest -->
