<?xml version="1.0" encoding="UTF-8"?>
<!-- Generated by org.testng.reporters.JUnitReportReporter -->
<testsuite hostname="docme-HP-280-G1-MT-Business-PC" failures="0" tests="3" name="quotationManagementTests.PurchaseReturnTest" time="7.656" errors="0" timestamp="2025-12-18T15:38:34 IST" skipped="0">
  <testcase classname="quotationManagementTests.PurchaseReturnTest" name="addPurchaseReturnTest" time="6.008"/>
  <testcase classname="quotationManagementTests.PurchaseReturnTest" name="checkPurchaseDetail" time="1.021"/>
  <testcase classname="quotationManagementTests.PurchaseReturnTest" name="checkSearchBarFunction" time="0.627"/>
</testsuite> <!-- quotationManagementTests.PurchaseReturnTest -->
