<?xml version="1.0" encoding="UTF-8"?>
<!-- Generated by org.testng.reporters.JUnitReportReporter -->
<testsuite hostname="docme-HP-280-G1-MT-Business-PC" failures="0" tests="2" name="settingsTest.RateManagementTest" time="2.445" errors="0" timestamp="2025-12-05T18:36:02 IST" skipped="0">
  <testcase classname="settingsTest.RateManagementTest" name="verifyEnterNewRateFunctionality" time="1.278"/>
  <testcase classname="settingsTest.RateManagementTest" name="verifyTheProductInTable" time="1.167"/>
</testsuite> <!-- settingsTest.RateManagementTest -->
