<?xml version="1.0" encoding="UTF-8"?>
<!-- Generated by org.testng.reporters.JUnitReportReporter -->
<testsuite hostname="docme-HP-280-G1-MT-Business-PC" failures="0" tests="1" name="productManagementTest.ProductBarcodePrintingTest" time="3.150" errors="0" timestamp="2025-12-02T12:17:16 IST" skipped="0">
  <testcase classname="productManagementTest.ProductBarcodePrintingTest" name="productBarcodePrintingTest" time="3.150"/>
</testsuite> <!-- productManagementTest.ProductBarcodePrintingTest -->
