<?xml version="1.0" encoding="UTF-8"?>
<!-- Generated by org.testng.reporters.JUnitReportReporter -->
<testsuite hostname="docme-HP-280-G1-MT-Business-PC" failures="0" tests="2" name="orderManagementTest.ReturnTest" time="2.956" errors="0" timestamp="2025-12-04T17:00:47 IST" skipped="0">
  <testcase classname="orderManagementTest.ReturnTest" name="verifyBulkSearchInReturn" time="2.423"/>
  <testcase classname="orderManagementTest.ReturnTest" name="verifyTheReturnDetail" time="0.533"/>
</testsuite> <!-- orderManagementTest.ReturnTest -->
