<?xml version="1.0" encoding="UTF-8"?>
<!-- Generated by org.testng.reporters.JUnitReportReporter -->
<testsuite hostname="docme-HP-280-G1-MT-Business-PC" failures="0" tests="4" name="userManagementTests.InstitutionTest" time="4.545" errors="0" timestamp="2025-12-18T12:13:43 IST" skipped="0">
  <testcase classname="userManagementTests.InstitutionTest" name="verifyAddInstitution" time="1.815"/>
  <testcase classname="userManagementTests.InstitutionTest" name="verifySearchBoxFunctionality" time="0.444"/>
  <testcase classname="userManagementTests.InstitutionTest" name="verifyEditInstitudefunction" time="0.784"/>
  <testcase classname="userManagementTests.InstitutionTest" name="verifyInstitutionDeleteFunction" time="1.502"/>
</testsuite> <!-- userManagementTests.InstitutionTest -->
