<?xml version="1.0" encoding="UTF-8"?>
<!-- Generated by org.testng.reporters.JUnitReportReporter -->
<testsuite hostname="docme-HP-280-G1-MT-Business-PC" failures="0" tests="3" name="settingsTests.DiscountCouponTest" time="2.935" errors="0" timestamp="2025-12-17T15:16:22 IST" skipped="0">
  <testcase classname="settingsTests.DiscountCouponTest" name="verifyFilterFunctionality" time="1.239"/>
  <testcase classname="settingsTests.DiscountCouponTest" name="verifyAddDiscountCouponFunction" time="1.220"/>
  <testcase classname="settingsTests.DiscountCouponTest" name="verifyTheSearchBarFunction" time="0.476"/>
</testsuite> <!-- settingsTests.DiscountCouponTest -->
