<?xml version="1.0" encoding="UTF-8"?>
<!-- Generated by org.testng.reporters.JUnitReportReporter -->
<testsuite hostname="docme-HP-280-G1-MT-Business-PC" failures="0" tests="5" name="quotationManagementTests.QuotationMangementTest" time="16.426" errors="1" timestamp="2025-12-18T15:40:13 IST" skipped="0">
  <testcase classname="quotationManagementTests.QuotationMangementTest" name="addQuotation" time="12.360"/>
  <testcase classname="quotationManagementTests.QuotationMangementTest" name="approveQuotation" time="1.210">
    <error message="element click intercepted: Element &lt;button class=&quot;
    text-black hover:text-black
    cursor-default
  &quot;&gt;...&lt;/button&gt; is not clickable at point (577, 74). Other element would receive the click: &lt;li tabindex=&quot;0&quot; class=&quot;&quot; data-sonner-toast=&quot;&quot; data-styled=&quot;true&quot; data-mounted=&quot;true&quot; data-promise=&quot;false&quot; data-swiped=&quot;false&quot; data-removed=&quot;false&quot; data-visible=&quot;true&quot; data-y-position=&quot;top&quot; data-x-position=&quot;center&quot; data-index=&quot;0&quot; data-front=&quot;true&quot; data-swiping=&quot;false&quot; data-dismissible=&quot;true&quot; data-type=&quot;success&quot; data-swipe-out=&quot;false&quot; data-expanded=&quot;false&quot; style=&quot;--index: 0; --toasts-before: 0; --z-index: 4; --offset: 0px; --initial-height: 53.5px; background-color: rgb(232, 245, 233); color: rgb(46, 125, 50); border: 1px solid rgb(102, 187, 106);&quot;&gt;...&lt;/li&gt;
  (Session info: chrome=130.0.6723.58)
Build info: version: &#039;4.38.0&#039;, revision: &#039;6b412e825c*&#039;
System info: os.name: &#039;Linux&#039;, os.arch: &#039;amd64&#039;, os.version: &#039;5.15.0-139-generic&#039;, java.version: &#039;11.0.27&#039;
Driver info: org.openqa.selenium.chrome.ChromeDriver
Command: [dcaa4e01ca19be24eb88073134b6a0a3, clickElement {id=f.5BC10B6C840819BCED068A7F1DBAF8D6.d.01C24292A0172D88BAF8BC5E7F6DC1C1.e.440}]
Capabilities {acceptInsecureCerts: false, browserName: chrome, browserVersion: 130.0.6723.58, chrome: {chromedriverVersion: 130.0.6723.116 (6ac35f94ae3..., userDataDir: /tmp/.org.chromium.Chromium...}, fedcm:accounts: true, goog:chromeOptions: {debuggerAddress: localhost:38523}, networkConnectionEnabled: false, pageLoadStrategy: normal, platformName: linux, proxy: Proxy(), se:cdp: ws://localhost:38523/devtoo..., se:cdpVersion: 130.0.6723.58, setWindowRect: true, strictFileInteractability: false, timeouts: {implicit: 0, pageLoad: 300000, script: 30000}, unhandledPromptBehavior: dismiss and notify, webauthn:extension:credBlob: true, webauthn:extension:largeBlob: true, webauthn:extension:minPinLength: true, webauthn:extension:prf: true, webauthn:virtualAuthenticators: true}
Element: [[ChromeDriver: chrome on linux (dcaa4e01ca19be24eb88073134b6a0a3)] -&gt; xpath: //*[text()=&#039;Quotation Management&#039;]]
Session ID: dcaa4e01ca19be24eb88073134b6a0a3" type="org.openqa.selenium.ElementClickInterceptedException">
      <![CDATA[org.openqa.selenium.ElementClickInterceptedException: element click intercepted: Element <button class="
    text-black hover:text-black
    cursor-default
  ">...</button> is not clickable at point (577, 74). Other element would receive the click: <li tabindex="0" class="" data-sonner-toast="" data-styled="true" data-mounted="true" data-promise="false" data-swiped="false" data-removed="false" data-visible="true" data-y-position="top" data-x-position="center" data-index="0" data-front="true" data-swiping="false" data-dismissible="true" data-type="success" data-swipe-out="false" data-expanded="false" style="--index: 0; --toasts-before: 0; --z-index: 4; --offset: 0px; --initial-height: 53.5px; background-color: rgb(232, 245, 233); color: rgb(46, 125, 50); border: 1px solid rgb(102, 187, 106);">...</li>
  (Session info: chrome=130.0.6723.58)
Build info: version: '4.38.0', revision: '6b412e825c*'
System info: os.name: 'Linux', os.arch: 'amd64', os.version: '5.15.0-139-generic', java.version: '11.0.27'
Driver info: org.openqa.selenium.chrome.ChromeDriver
Command: [dcaa4e01ca19be24eb88073134b6a0a3, clickElement {id=f.5BC10B6C840819BCED068A7F1DBAF8D6.d.01C24292A0172D88BAF8BC5E7F6DC1C1.e.440}]
Capabilities {acceptInsecureCerts: false, browserName: chrome, browserVersion: 130.0.6723.58, chrome: {chromedriverVersion: 130.0.6723.116 (6ac35f94ae3..., userDataDir: /tmp/.org.chromium.Chromium...}, fedcm:accounts: true, goog:chromeOptions: {debuggerAddress: localhost:38523}, networkConnectionEnabled: false, pageLoadStrategy: normal, platformName: linux, proxy: Proxy(), se:cdp: ws://localhost:38523/devtoo..., se:cdpVersion: 130.0.6723.58, setWindowRect: true, strictFileInteractability: false, timeouts: {implicit: 0, pageLoad: 300000, script: 30000}, unhandledPromptBehavior: dismiss and notify, webauthn:extension:credBlob: true, webauthn:extension:largeBlob: true, webauthn:extension:minPinLength: true, webauthn:extension:prf: true, webauthn:virtualAuthenticators: true}
Element: [[ChromeDriver: chrome on linux (dcaa4e01ca19be24eb88073134b6a0a3)] -> xpath: //*[text()='Quotation Management']]
Session ID: dcaa4e01ca19be24eb88073134b6a0a3
at java.base/jdk.internal.reflect.NativeConstructorAccessorImpl.newInstance0(Native Method)
at java.base/jdk.internal.reflect.NativeConstructorAccessorImpl.newInstance(NativeConstructorAccessorImpl.java:62)
at java.base/jdk.internal.reflect.DelegatingConstructorAccessorImpl.newInstance(DelegatingConstructorAccessorImpl.java:45)
at java.base/java.lang.reflect.Constructor.newInstance(Constructor.java:490)
at org.openqa.selenium.remote.ErrorCodec.decode(ErrorCodec.java:167)
at org.openqa.selenium.remote.codec.w3c.W3CHttpResponseCodec.decode(W3CHttpResponseCodec.java:138)
at org.openqa.selenium.remote.codec.w3c.W3CHttpResponseCodec.decode(W3CHttpResponseCodec.java:50)
at org.openqa.selenium.remote.HttpCommandExecutor.execute(HttpCommandExecutor.java:215)
at org.openqa.selenium.remote.service.DriverCommandExecutor.invokeExecute(DriverCommandExecutor.java:216)
at org.openqa.selenium.remote.service.DriverCommandExecutor.execute(DriverCommandExecutor.java:174)
at org.openqa.selenium.remote.RemoteWebDriver.execute(RemoteWebDriver.java:557)
at org.openqa.selenium.remote.RemoteWebElement.execute(RemoteWebElement.java:223)
at org.openqa.selenium.remote.RemoteWebElement.click(RemoteWebElement.java:76)
at java.base/jdk.internal.reflect.NativeMethodAccessorImpl.invoke0(Native Method)
at java.base/jdk.internal.reflect.NativeMethodAccessorImpl.invoke(NativeMethodAccessorImpl.java:62)
at java.base/jdk.internal.reflect.DelegatingMethodAccessorImpl.invoke(DelegatingMethodAccessorImpl.java:43)
at java.base/java.lang.reflect.Method.invoke(Method.java:566)
at org.openqa.selenium.support.pagefactory.internal.LocatingElementHandler.invoke(LocatingElementHandler.java:51)
at com.sun.proxy.$Proxy15.click(Unknown Source)
at commonObjects.SidePages.openQuotationManagementPage(SidePages.java:144)
at quotationManagementTests.QuotationMangementTest.approveQuotation(QuotationMangementTest.java:96)
at java.base/jdk.internal.reflect.NativeMethodAccessorImpl.invoke0(Native Method)
at java.base/jdk.internal.reflect.NativeMethodAccessorImpl.invoke(NativeMethodAccessorImpl.java:62)
at java.base/jdk.internal.reflect.DelegatingMethodAccessorImpl.invoke(DelegatingMethodAccessorImpl.java:43)
at java.base/java.lang.reflect.Method.invoke(Method.java:566)
at org.testng.internal.invokers.MethodInvocationHelper.invokeMethod(MethodInvocationHelper.java:141)
at org.testng.internal.invokers.TestInvoker.invokeMethod(TestInvoker.java:687)
at org.testng.internal.invokers.TestInvoker.invokeTestMethod(TestInvoker.java:230)
at org.testng.internal.invokers.MethodRunner.runInSequence(MethodRunner.java:63)
at org.testng.internal.invokers.TestInvoker$MethodInvocationAgent.invoke(TestInvoker.java:995)
at org.testng.internal.invokers.TestInvoker.invokeTestMethods(TestInvoker.java:203)
at org.testng.internal.invokers.TestMethodWorker.invokeTestMethods(TestMethodWorker.java:154)
at org.testng.internal.invokers.TestMethodWorker.run(TestMethodWorker.java:134)
at java.base/java.util.ArrayList.forEach(ArrayList.java:1541)
at org.testng.TestRunner.privateRun(TestRunner.java:741)
at org.testng.TestRunner.run(TestRunner.java:616)
at org.testng.SuiteRunner.runTest(SuiteRunner.java:421)
at org.testng.SuiteRunner.runSequentially(SuiteRunner.java:413)
at org.testng.SuiteRunner.privateRun(SuiteRunner.java:373)
at org.testng.SuiteRunner.run(SuiteRunner.java:312)
at org.testng.SuiteRunnerWorker.runSuite(SuiteRunnerWorker.java:52)
at org.testng.SuiteRunnerWorker.run(SuiteRunnerWorker.java:95)
at org.testng.TestNG.runSuitesSequentially(TestNG.java:1274)
at org.testng.TestNG.runSuitesLocally(TestNG.java:1208)
at org.testng.TestNG.runSuites(TestNG.java:1112)
at org.testng.TestNG.run(TestNG.java:1079)
at org.testng.remote.AbstractRemoteTestNG.run(AbstractRemoteTestNG.java:115)
at org.testng.remote.RemoteTestNG.initAndRun(RemoteTestNG.java:293)
at org.testng.remote.RemoteTestNG.main(RemoteTestNG.java:91)
]]>
    </error>
  </testcase> <!-- approveQuotation -->
  <testcase classname="quotationManagementTests.QuotationMangementTest" name="checkSearchBarFunction" time="0.916"/>
  <testcase classname="quotationManagementTests.QuotationMangementTest" name="viewQuotationDetailsFunction" time="1.009"/>
  <testcase classname="quotationManagementTests.QuotationMangementTest" name="deleteQuotation" time="0.931"/>
</testsuite> <!-- quotationManagementTests.QuotationMangementTest -->
