<?xml version="1.0" encoding="UTF-8"?>
<!-- Generated by org.testng.reporters.JUnitReportReporter -->
<testsuite hostname="docme-HP-280-G1-MT-Business-PC" failures="0" tests="2" name="orderManagementTest.ExchangeTest" time="3.279" errors="0" timestamp="2025-12-04T12:56:06 IST" skipped="0">
  <testcase classname="orderManagementTest.ExchangeTest" name="verifyBulkSearchInExchange" time="2.769"/>
  <testcase classname="orderManagementTest.ExchangeTest" name="checkTheExchangeDetailPage" time="0.510"/>
</testsuite> <!-- orderManagementTest.ExchangeTest -->
