<?xml version="1.0" encoding="UTF-8"?>
<testng-results ignored="0" total="1" passed="1" failed="0" skipped="0">
  <reporter-output>
  </reporter-output>
  <suite started-at="2025-12-02T14:37:34 IST" name="Default suite" finished-at="2025-12-02T14:37:43 IST" duration-ms="9846">
    <groups>
    </groups>
    <test started-at="2025-12-02T14:37:34 IST" name="Default test" finished-at="2025-12-02T14:37:43 IST" duration-ms="9846">
      <class name="productManagementTest.ProductsTest">
        <test-method is-config="true" signature="setup()[pri:0, instance:productManagementTest.ProductsTest@5b7a5baa]" started-at="2025-12-02T14:37:34 IST" name="setup" finished-at="2025-12-02T14:37:37 IST" duration-ms="2705" status="PASS">
          <reporter-output>
          </reporter-output>
        </test-method> <!-- setup -->
        <test-method signature="verifyAddUniformProduct()[pri:1, instance:productManagementTest.ProductsTest@5b7a5baa]" started-at="2025-12-02T14:37:37 IST" name="verifyAddUniformProduct" finished-at="2025-12-02T14:37:43 IST" duration-ms="6891" status="PASS">
          <reporter-output>
          </reporter-output>
        </test-method> <!-- verifyAddUniformProduct -->
      </class> <!-- productManagementTest.ProductsTest -->
    </test> <!-- Default test -->
  </suite> <!-- Default suite -->
</testng-results>
