<?xml version="1.0" encoding="UTF-8"?>
<!-- Generated by org.testng.reporters.JUnitXMLReporter -->
<testsuite ignored="0" hostname="docme-HP-280-G1-MT-Business-PC" failures="2" tests="23" name="Test" time="72.206" errors="0" timestamp="2025-12-02T12:17:15 IST">
  <testcase classname="productManagementTest.SizeSettingsTest" name="verifyAddSizefunctionality" time="2.154"/>
  <testcase classname="productManagementTest.SizeSettingsTest" name="verifySizeEditFunctionality" time="1.127"/>
  <testcase classname="productManagementTest.SizeSettingsTest" name="verifySizeDeleteFunctionality" time="1.074"/>
  <testcase classname="productManagementTest.ProductBarcodePrintingTest" name="productBarcodePrintingTest" time="3.15"/>
  <testcase classname="productManagementTest.StockCategoryTest" name="verifyAddStockfunctionality" time="1.706"/>
  <testcase classname="productManagementTest.TypeSettingsTest" name="verifyAddTypefunctionality" time="2.331"/>
  <testcase classname="productManagementTest.TypeSettingsTest" name="verifyEditTypefunctionality" time="1.075"/>
  <testcase classname="productManagementTest.TypeSettingsTest" name="verifyDeleteTypefunctionality" time="1.229"/>
  <testcase classname="productManagementTest.ColorSettingsTest" name="verifyAddColorfunctionality" time="1.67"/>
  <testcase classname="productManagementTest.ColorSettingsTest" name="verifyEditColor" time="2.157">
    <failure type="java.lang.AssertionError" message="Failedelement click intercepted: Element &amp;lt;button type=&amp;quot;button&amp;quot; role=&amp;quot;switch&amp;quot; aria-checked=&amp;quot;true&amp;quot; data-state=&amp;quot;checked&amp;quot; value=&amp;quot;on&amp;quot; class=&amp;quot;peer inline-flex h-[1.15rem] w-8 shrink-0 items-center rounded-full border border-transparent shadow-xs transition-all outline-none data-[state=checked]:bg-[#966AC3] data-[state=unchecked]:bg-gray-300 focus-visible:ring-2 focus-visible:ring-[#966AC3] disabled:cursor-not-allowed disabled:opacity-50 cursor-pointer&amp;quot;&amp;gt;...&amp;lt;/button&amp;gt; is not clickable at point (1134, 338). Other element would receive the click: &amp;lt;button class=&amp;quot;inline-flex items-center justify-center gap-2 whitespace-nowrap rounded-md text-sm font-medium transition-all disabled:pointer-events-none disabled:opacity-50 [&amp;amp;amp;_svg]:pointer-events-none [&amp;amp;amp;_svg:not([class*=&amp;apos;size-&amp;apos;])]:size-4 shrink-0 [&amp;amp;amp;_svg]:shrink-0 outline-none focus-visible:border-ring focus-visible:ring-ring/50 focus-visible:ring-[3px] aria-invalid:ring-destructive/20 dark:aria-invalid:ring-destructive/40 aria-invalid:border-destructive cursor-pointer border bg-background shadow-xs hover:bg-accent hover:text-accent-foreground dark:bg-input/30 dark:border-input dark:hover:bg-input/50 h-9 px-4 has-[&amp;gt;svg]:px-3 text-[#966AC3] border-[#966AC3] min-w-[100px] py-5&amp;quot; type=&amp;quot;button&amp;quot; data-slot=&amp;quot;sheet-close&amp;quot;&amp;gt;...&amp;lt;/button&amp;gt;
  (Session info: chrome=130.0.6723.58)
Build info: version: &amp;apos;4.38.0&amp;apos;, revision: &amp;apos;6b412e825c*&amp;apos;
System info: os.name: &amp;apos;Linux&amp;apos;, os.arch: &amp;apos;amd64&amp;apos;, os.version: &amp;apos;5.15.0-139-generic&amp;apos;, java.version: &amp;apos;21.0.9&amp;apos;
Driver info: org.openqa.selenium.chrome.ChromeDriver
Command: [ad905294218eeb4d13a9e80fa137d399, clickElement {id=f.DCFBFC643114AA568DB3656130D86835.d.B6CAB2E46EBE01D027179BCCC8F140D4.e.91}]
Capabilities {acceptInsecureCerts: false, browserName: chrome, browserVersion: 130.0.6723.58, chrome: {chromedriverVersion: 130.0.6723.116 (6ac35f94ae3..., userDataDir: /tmp/.org.chromium.Chromium...}, fedcm:accounts: true, goog:chromeOptions: {debuggerAddress: localhost:46771}, networkConnectionEnabled: false, pageLoadStrategy: normal, platformName: linux, proxy: Proxy(), se:cdp: ws://localhost:46771/devtoo..., se:cdpVersion: 130.0.6723.58, setWindowRect: true, strictFileInteractability: false, timeouts: {implicit: 0, pageLoad: 300000, script: 30000}, unhandledPromptBehavior: dismiss and notify, webauthn:extension:credBlob: true, webauthn:extension:largeBlob: true, webauthn:extension:minPinLength: true, webauthn:extension:prf: true, webauthn:virtualAuthenticators: true}
Element: [[ChromeDriver: chrome on linux (ad905294218eeb4d13a9e80fa137d399)] -&amp;gt; xpath: (//button[@role=&amp;apos;switch&amp;apos;])[1]]
Session ID: ad905294218eeb4d13a9e80fa137d399">
      <![CDATA[java.lang.AssertionError: Failedelement click intercepted: Element <button type="button" role="switch" aria-checked="true" data-state="checked" value="on" class="peer inline-flex h-[1.15rem] w-8 shrink-0 items-center rounded-full border border-transparent shadow-xs transition-all outline-none data-[state=checked]:bg-[#966AC3] data-[state=unchecked]:bg-gray-300 focus-visible:ring-2 focus-visible:ring-[#966AC3] disabled:cursor-not-allowed disabled:opacity-50 cursor-pointer">...</button> is not clickable at point (1134, 338). Other element would receive the click: <button class="inline-flex items-center justify-center gap-2 whitespace-nowrap rounded-md text-sm font-medium transition-all disabled:pointer-events-none disabled:opacity-50 [&amp;_svg]:pointer-events-none [&amp;_svg:not([class*='size-'])]:size-4 shrink-0 [&amp;_svg]:shrink-0 outline-none focus-visible:border-ring focus-visible:ring-ring/50 focus-visible:ring-[3px] aria-invalid:ring-destructive/20 dark:aria-invalid:ring-destructive/40 aria-invalid:border-destructive cursor-pointer border bg-background shadow-xs hover:bg-accent hover:text-accent-foreground dark:bg-input/30 dark:border-input dark:hover:bg-input/50 h-9 px-4 has-[>svg]:px-3 text-[#966AC3] border-[#966AC3] min-w-[100px] py-5" type="button" data-slot="sheet-close">...</button>
  (Session info: chrome=130.0.6723.58)
Build info: version: '4.38.0', revision: '6b412e825c*'
System info: os.name: 'Linux', os.arch: 'amd64', os.version: '5.15.0-139-generic', java.version: '21.0.9'
Driver info: org.openqa.selenium.chrome.ChromeDriver
Command: [ad905294218eeb4d13a9e80fa137d399, clickElement {id=f.DCFBFC643114AA568DB3656130D86835.d.B6CAB2E46EBE01D027179BCCC8F140D4.e.91}]
Capabilities {acceptInsecureCerts: false, browserName: chrome, browserVersion: 130.0.6723.58, chrome: {chromedriverVersion: 130.0.6723.116 (6ac35f94ae3..., userDataDir: /tmp/.org.chromium.Chromium...}, fedcm:accounts: true, goog:chromeOptions: {debuggerAddress: localhost:46771}, networkConnectionEnabled: false, pageLoadStrategy: normal, platformName: linux, proxy: Proxy(), se:cdp: ws://localhost:46771/devtoo..., se:cdpVersion: 130.0.6723.58, setWindowRect: true, strictFileInteractability: false, timeouts: {implicit: 0, pageLoad: 300000, script: 30000}, unhandledPromptBehavior: dismiss and notify, webauthn:extension:credBlob: true, webauthn:extension:largeBlob: true, webauthn:extension:minPinLength: true, webauthn:extension:prf: true, webauthn:virtualAuthenticators: true}
Element: [[ChromeDriver: chrome on linux (ad905294218eeb4d13a9e80fa137d399)] -> xpath: (//button[@role='switch'])[1]]
Session ID: ad905294218eeb4d13a9e80fa137d399
at productManagementTest.ColorSettingsTest.verifyEditColor(ColorSettingsTest.java:82)
at java.base/java.util.ArrayList.forEach(ArrayList.java:1596)
... Removed 26 stack frames]]>
    </failure>
  </testcase> <!-- verifyEditColor -->
  <testcase classname="productManagementTest.ColorSettingsTest" name="verifyDeleteColor" time="1.085">
    <failure type="java.lang.AssertionError" message="Failedelement click intercepted: Element &amp;lt;span&amp;gt;...&amp;lt;/span&amp;gt; is not clickable at point (124, 169). Other element would receive the click: &amp;lt;div data-state=&amp;quot;open&amp;quot; data-slot=&amp;quot;sheet-overlay&amp;quot; class=&amp;quot;data-[state=open]:animate-in data-[state=closed]:animate-out data-[state=closed]:fade-out-0 data-[state=open]:fade-in-0 fixed inset-0 z-50 bg-black/50&amp;quot; data-aria-hidden=&amp;quot;true&amp;quot; aria-hidden=&amp;quot;true&amp;quot; style=&amp;quot;pointer-events: auto;&amp;quot;&amp;gt;&amp;lt;/div&amp;gt;
  (Session info: chrome=130.0.6723.58)
Build info: version: &amp;apos;4.38.0&amp;apos;, revision: &amp;apos;6b412e825c*&amp;apos;
System info: os.name: &amp;apos;Linux&amp;apos;, os.arch: &amp;apos;amd64&amp;apos;, os.version: &amp;apos;5.15.0-139-generic&amp;apos;, java.version: &amp;apos;21.0.9&amp;apos;
Driver info: org.openqa.selenium.chrome.ChromeDriver
Command: [ad905294218eeb4d13a9e80fa137d399, clickElement {id=f.DCFBFC643114AA568DB3656130D86835.d.B6CAB2E46EBE01D027179BCCC8F140D4.e.35}]
Capabilities {acceptInsecureCerts: false, browserName: chrome, browserVersion: 130.0.6723.58, chrome: {chromedriverVersion: 130.0.6723.116 (6ac35f94ae3..., userDataDir: /tmp/.org.chromium.Chromium...}, fedcm:accounts: true, goog:chromeOptions: {debuggerAddress: localhost:46771}, networkConnectionEnabled: false, pageLoadStrategy: normal, platformName: linux, proxy: Proxy(), se:cdp: ws://localhost:46771/devtoo..., se:cdpVersion: 130.0.6723.58, setWindowRect: true, strictFileInteractability: false, timeouts: {implicit: 0, pageLoad: 300000, script: 30000}, unhandledPromptBehavior: dismiss and notify, webauthn:extension:credBlob: true, webauthn:extension:largeBlob: true, webauthn:extension:minPinLength: true, webauthn:extension:prf: true, webauthn:virtualAuthenticators: true}
Element: [[ChromeDriver: chrome on linux (ad905294218eeb4d13a9e80fa137d399)] -&amp;gt; xpath: //span[text()=&amp;apos;Product Management&amp;apos;]]
Session ID: ad905294218eeb4d13a9e80fa137d399">
      <![CDATA[java.lang.AssertionError: Failedelement click intercepted: Element <span>...</span> is not clickable at point (124, 169). Other element would receive the click: <div data-state="open" data-slot="sheet-overlay" class="data-[state=open]:animate-in data-[state=closed]:animate-out data-[state=closed]:fade-out-0 data-[state=open]:fade-in-0 fixed inset-0 z-50 bg-black/50" data-aria-hidden="true" aria-hidden="true" style="pointer-events: auto;"></div>
  (Session info: chrome=130.0.6723.58)
Build info: version: '4.38.0', revision: '6b412e825c*'
System info: os.name: 'Linux', os.arch: 'amd64', os.version: '5.15.0-139-generic', java.version: '21.0.9'
Driver info: org.openqa.selenium.chrome.ChromeDriver
Command: [ad905294218eeb4d13a9e80fa137d399, clickElement {id=f.DCFBFC643114AA568DB3656130D86835.d.B6CAB2E46EBE01D027179BCCC8F140D4.e.35}]
Capabilities {acceptInsecureCerts: false, browserName: chrome, browserVersion: 130.0.6723.58, chrome: {chromedriverVersion: 130.0.6723.116 (6ac35f94ae3..., userDataDir: /tmp/.org.chromium.Chromium...}, fedcm:accounts: true, goog:chromeOptions: {debuggerAddress: localhost:46771}, networkConnectionEnabled: false, pageLoadStrategy: normal, platformName: linux, proxy: Proxy(), se:cdp: ws://localhost:46771/devtoo..., se:cdpVersion: 130.0.6723.58, setWindowRect: true, strictFileInteractability: false, timeouts: {implicit: 0, pageLoad: 300000, script: 30000}, unhandledPromptBehavior: dismiss and notify, webauthn:extension:credBlob: true, webauthn:extension:largeBlob: true, webauthn:extension:minPinLength: true, webauthn:extension:prf: true, webauthn:virtualAuthenticators: true}
Element: [[ChromeDriver: chrome on linux (ad905294218eeb4d13a9e80fa137d399)] -> xpath: //span[text()='Product Management']]
Session ID: ad905294218eeb4d13a9e80fa137d399
at productManagementTest.ColorSettingsTest.verifyDeleteColor(ColorSettingsTest.java:104)
at java.base/java.util.ArrayList.forEach(ArrayList.java:1596)
... Removed 26 stack frames]]>
    </failure>
  </testcase> <!-- verifyDeleteColor -->
  <testcase classname="productManagementTest.PublisherSettingsTest" name="verifyAddPublisherfunctionality" time="1.7"/>
  <testcase classname="productManagementTest.PublisherSettingsTest" name="verifyDeletePublisherfunctionality" time="1.148"/>
  <testcase classname="productManagementTest.PublisherSettingsTest" name="verifyEditPublisherfunctionality" time="1.032"/>
  <testcase classname="productManagementTest.EditionSettingsTest" name="verifyAddEditionfunctionality" time="1.692"/>
  <testcase classname="productManagementTest.EditionSettingsTest" name="verifyEditEditionfunctionality" time="1.03"/>
  <testcase classname="productManagementTest.EditionSettingsTest" name="verifyDeleteEditionfunctionality" time="1.171"/>
  <testcase classname="productManagementTest.BrandSettingsTest" name="verifyAddBrandfunctionality" time="2.541"/>
  <testcase classname="productManagementTest.AddNewWeightTest" name="addNewWeightTest" time="1.658"/>
  <testcase classname="productManagementTest.ProductsTest" name="verifyAddUniformProduct" time="8.575"/>
  <testcase classname="productManagementTest.ProductsTest" name="verifyAddStationaryProduct" time="3.033"/>
  <testcase classname="productManagementTest.ProductsTest" name="verifyEditProduct" time="2.157"/>
  <testcase classname="productManagementTest.ProductsTest" name="verifyDeleteProduct" time="1.627"/>
</testsuite> <!-- Test -->
